<?xml version="1.0" encoding="UTF-8"?>
<!-- Generated by org.testng.reporters.JUnitReportReporter -->
<testsuite hostname="DESKTOP-79VC9V0" failures="0" tests="1" name="com.inetBanking.testcases.TC_LoginTest_001" time="2.529" errors="0" timestamp="2023-01-25T12:15:18 IST" skipped="0">
  <testcase classname="com.inetBanking.testcases.TC_LoginTest_001" name="loginTest" time="2.529"/>
  <system-out/>
</testsuite> <!-- com.inetBanking.testcases.TC_LoginTest_001 -->
