<?xml version="1.0" encoding="UTF-8"?>
<!-- Generated by org.testng.reporters.JUnitReportReporter -->
<testsuite skipped="0" hostname="DESKTOP-79VC9V0" name="com.inetBanking.testcases.TC_LoginTest_001" tests="1" failures="0" timestamp="2023-01-25T12:44:00 IST" time="2.008" errors="0">
  <testcase name="loginTest" time="2.008" classname="com.inetBanking.testcases.TC_LoginTest_001"/>
  <system-out/>
</testsuite> <!-- com.inetBanking.testcases.TC_LoginTest_001 -->
